AH00558: apache2: Could not reliably determine the server's fully qualified domain name, using 172.18.0.5. Set the 'ServerName' directive globally to suppress this message
[Thu Oct 10 12:38:22.185483 2019] [mpm_prefork:notice] [pid 1] AH00163: Apache/2.4.25 (Debian) PHP/7.1.20 configured -- resuming normal operations
[Thu Oct 10 12:38:22.185538 2019] [core:notice] [pid 1] AH00094: Command line: 'apache2 -D FOREGROUND'
[Thu Oct 10 12:38:52.434919 2019] [mpm_prefork:notice] [pid 1] AH00169: caught SIGTERM, shutting down
AH00558: apache2: Could not reliably determine the server's fully qualified domain name, using 172.18.0.5. Set the 'ServerName' directive globally to suppress this message
[Thu Oct 10 12:39:10.606821 2019] [mpm_prefork:notice] [pid 1] AH00163: Apache/2.4.25 (Debian) PHP/7.1.20 configured -- resuming normal operations
[Thu Oct 10 12:39:10.611970 2019] [core:notice] [pid 1] AH00094: Command line: 'apache2 -D FOREGROUND'
[Thu Oct 10 12:40:49.829502 2019] [mpm_prefork:notice] [pid 1] AH00169: caught SIGTERM, shutting down
AH00558: apache2: Could not reliably determine the server's fully qualified domain name, using 172.18.0.5. Set the 'ServerName' directive globally to suppress this message
[Thu Oct 10 12:41:10.975817 2019] [mpm_prefork:notice] [pid 1] AH00163: Apache/2.4.25 (Debian) PHP/7.1.20 configured -- resuming normal operations
[Thu Oct 10 12:41:10.978520 2019] [core:notice] [pid 1] AH00094: Command line: 'apache2 -D FOREGROUND'
[Thu Oct 10 12:45:27.810217 2019] [mpm_prefork:notice] [pid 1] AH00169: caught SIGTERM, shutting down
AH00558: apache2: Could not reliably determine the server's fully qualified domain name, using 172.18.0.6. Set the 'ServerName' directive globally to suppress this message
[Thu Oct 10 12:48:24.175610 2019] [mpm_prefork:notice] [pid 1] AH00163: Apache/2.4.25 (Debian) PHP/7.1.20 configured -- resuming normal operations
[Thu Oct 10 12:48:24.176209 2019] [core:notice] [pid 1] AH00094: Command line: 'apache2 -D FOREGROUND'
[Thu Oct 10 12:49:31.769514 2019] [mpm_prefork:notice] [pid 1] AH00169: caught SIGTERM, shutting down
AH00558: apache2: Could not reliably determine the server's fully qualified domain name, using 172.18.0.6. Set the 'ServerName' directive globally to suppress this message
[Thu Oct 10 12:50:16.883911 2019] [mpm_prefork:notice] [pid 1] AH00163: Apache/2.4.25 (Debian) PHP/7.1.20 configured -- resuming normal operations
[Thu Oct 10 12:50:16.885395 2019] [core:notice] [pid 1] AH00094: Command line: 'apache2 -D FOREGROUND'
AH00558: apache2: Could not reliably determine the server's fully qualified domain name, using 172.18.0.6. Set the 'ServerName' directive globally to suppress this message
[Thu Oct 10 12:51:05.155530 2019] [mpm_prefork:notice] [pid 1] AH00163: Apache/2.4.25 (Debian) PHP/7.1.20 configured -- resuming normal operations
[Thu Oct 10 12:51:05.156410 2019] [core:notice] [pid 1] AH00094: Command line: 'apache2 -D FOREGROUND'
[Thu Oct 10 12:51:29.988566 2019] [mpm_prefork:notice] [pid 1] AH00169: caught SIGTERM, shutting down
AH00558: apache2: Could not reliably determine the server's fully qualified domain name, using 172.18.0.5. Set the 'ServerName' directive globally to suppress this message
[Thu Oct 10 12:52:27.559479 2019] [mpm_prefork:notice] [pid 1] AH00163: Apache/2.4.25 (Debian) PHP/7.1.20 configured -- resuming normal operations
[Thu Oct 10 12:52:27.571197 2019] [core:notice] [pid 1] AH00094: Command line: 'apache2 -D FOREGROUND'
AH00558: apache2: Could not reliably determine the server's fully qualified domain name, using 172.18.0.5. Set the 'ServerName' directive globally to suppress this message
[Thu Oct 10 13:01:18.480391 2019] [mpm_prefork:notice] [pid 1] AH00163: Apache/2.4.25 (Debian) PHP/7.1.20 configured -- resuming normal operations
[Thu Oct 10 13:01:18.490585 2019] [core:notice] [pid 1] AH00094: Command line: 'apache2 -D FOREGROUND'
[Thu Oct 10 13:02:05.577197 2019] [mpm_prefork:notice] [pid 1] AH00169: caught SIGTERM, shutting down
AH00558: apache2: Could not reliably determine the server's fully qualified domain name, using 172.18.0.5. Set the 'ServerName' directive globally to suppress this message
[Thu Oct 10 13:02:21.260742 2019] [mpm_prefork:notice] [pid 1] AH00163: Apache/2.4.25 (Debian) PHP/7.1.20 configured -- resuming normal operations
[Thu Oct 10 13:02:21.260809 2019] [core:notice] [pid 1] AH00094: Command line: 'apache2 -D FOREGROUND'
[Thu Oct 10 13:03:14.770594 2019] [mpm_prefork:notice] [pid 1] AH00169: caught SIGTERM, shutting down
AH00558: apache2: Could not reliably determine the server's fully qualified domain name, using 172.18.0.5. Set the 'ServerName' directive globally to suppress this message
[Thu Oct 10 13:04:03.302212 2019] [mpm_prefork:notice] [pid 1] AH00163: Apache/2.4.25 (Debian) PHP/7.1.20 configured -- resuming normal operations
[Thu Oct 10 13:04:03.303038 2019] [core:notice] [pid 1] AH00094: Command line: 'apache2 -D FOREGROUND'
[Thu Oct 10 13:05:36.240933 2019] [mpm_prefork:notice] [pid 1] AH00169: caught SIGTERM, shutting down
AH00558: apache2: Could not reliably determine the server's fully qualified domain name, using 172.18.0.5. Set the 'ServerName' directive globally to suppress this message
[Thu Oct 10 13:05:58.182663 2019] [mpm_prefork:notice] [pid 1] AH00163: Apache/2.4.25 (Debian) PHP/7.1.20 configured -- resuming normal operations
[Thu Oct 10 13:05:58.183563 2019] [core:notice] [pid 1] AH00094: Command line: 'apache2 -D FOREGROUND'
AH00558: apache2: Could not reliably determine the server's fully qualified domain name, using 172.18.0.5. Set the 'ServerName' directive globally to suppress this message
[Thu Oct 10 13:13:56.046513 2019] [mpm_prefork:notice] [pid 1] AH00163: Apache/2.4.25 (Debian) PHP/7.1.20 configured -- resuming normal operations
[Thu Oct 10 13:13:56.066923 2019] [core:notice] [pid 1] AH00094: Command line: 'apache2 -D FOREGROUND'
[Thu Oct 10 13:14:47.752033 2019] [mpm_prefork:notice] [pid 1] AH00169: caught SIGTERM, shutting down
AH00558: apache2: Could not reliably determine the server's fully qualified domain name, using 172.18.0.5. Set the 'ServerName' directive globally to suppress this message
[Thu Oct 10 13:15:20.866327 2019] [mpm_prefork:notice] [pid 1] AH00163: Apache/2.4.25 (Debian) PHP/7.1.20 configured -- resuming normal operations
[Thu Oct 10 13:15:20.912992 2019] [core:notice] [pid 1] AH00094: Command line: 'apache2 -D FOREGROUND'
[Thu Oct 10 13:17:46.119783 2019] [mpm_prefork:notice] [pid 1] AH00169: caught SIGTERM, shutting down
AH00558: apache2: Could not reliably determine the server's fully qualified domain name, using 172.18.0.4. Set the 'ServerName' directive globally to suppress this message
[Thu Oct 10 13:18:30.375928 2019] [mpm_prefork:notice] [pid 1] AH00163: Apache/2.4.25 (Debian) PHP/7.1.20 configured -- resuming normal operations
[Thu Oct 10 13:18:30.377245 2019] [core:notice] [pid 1] AH00094: Command line: 'apache2 -D FOREGROUND'
[Thu Oct 10 13:19:10.171196 2019] [mpm_prefork:notice] [pid 1] AH00169: caught SIGTERM, shutting down
AH00558: apache2: Could not reliably determine the server's fully qualified domain name, using 172.18.0.5. Set the 'ServerName' directive globally to suppress this message
[Thu Oct 10 13:19:47.691874 2019] [mpm_prefork:notice] [pid 1] AH00163: Apache/2.4.25 (Debian) PHP/7.1.20 configured -- resuming normal operations
[Thu Oct 10 13:19:47.735277 2019] [core:notice] [pid 1] AH00094: Command line: 'apache2 -D FOREGROUND'
[Thu Oct 10 13:20:45.956045 2019] [mpm_prefork:notice] [pid 1] AH00169: caught SIGTERM, shutting down
AH00558: apache2: Could not reliably determine the server's fully qualified domain name, using 172.18.0.5. Set the 'ServerName' directive globally to suppress this message
[Thu Oct 10 13:21:26.315677 2019] [mpm_prefork:notice] [pid 1] AH00163: Apache/2.4.25 (Debian) PHP/7.1.20 configured -- resuming normal operations
[Thu Oct 10 13:21:26.339849 2019] [core:notice] [pid 1] AH00094: Command line: 'apache2 -D FOREGROUND'
[Thu Oct 10 13:22:25.894324 2019] [mpm_prefork:notice] [pid 1] AH00169: caught SIGTERM, shutting down
AH00558: apache2: Could not reliably determine the server's fully qualified domain name, using 172.18.0.2. Set the 'ServerName' directive globally to suppress this message
[Thu Oct 10 13:22:46.997837 2019] [mpm_prefork:notice] [pid 1] AH00163: Apache/2.4.25 (Debian) PHP/7.1.20 configured -- resuming normal operations
[Thu Oct 10 13:22:46.997896 2019] [core:notice] [pid 1] AH00094: Command line: 'apache2 -D FOREGROUND'
AH00558: apache2: Could not reliably determine the server's fully qualified domain name, using 172.18.0.5. Set the 'ServerName' directive globally to suppress this message
[Thu Oct 10 13:24:15.263228 2019] [mpm_prefork:notice] [pid 1] AH00163: Apache/2.4.25 (Debian) PHP/7.1.20 configured -- resuming normal operations
[Thu Oct 10 13:24:15.264813 2019] [core:notice] [pid 1] AH00094: Command line: 'apache2 -D FOREGROUND'
[Thu Oct 10 13:25:07.203000 2019] [mpm_prefork:notice] [pid 1] AH00169: caught SIGTERM, shutting down
AH00558: apache2: Could not reliably determine the server's fully qualified domain name, using 172.18.0.5. Set the 'ServerName' directive globally to suppress this message
[Thu Oct 10 13:25:26.446807 2019] [mpm_prefork:notice] [pid 1] AH00163: Apache/2.4.25 (Debian) PHP/7.1.20 configured -- resuming normal operations
[Thu Oct 10 13:25:26.449480 2019] [core:notice] [pid 1] AH00094: Command line: 'apache2 -D FOREGROUND'
[Thu Oct 10 13:26:17.440766 2019] [mpm_prefork:notice] [pid 1] AH00169: caught SIGTERM, shutting down
AH00558: apache2: Could not reliably determine the server's fully qualified domain name, using 172.18.0.5. Set the 'ServerName' directive globally to suppress this message
[Thu Oct 10 13:26:35.635485 2019] [mpm_prefork:notice] [pid 1] AH00163: Apache/2.4.25 (Debian) PHP/7.1.20 configured -- resuming normal operations
[Thu Oct 10 13:26:35.660297 2019] [core:notice] [pid 1] AH00094: Command line: 'apache2 -D FOREGROUND'
[Thu Oct 10 13:28:37.516455 2019] [mpm_prefork:notice] [pid 1] AH00169: caught SIGTERM, shutting down
AH00558: apache2: Could not reliably determine the server's fully qualified domain name, using 172.18.0.3. Set the 'ServerName' directive globally to suppress this message
[Thu Oct 10 13:28:46.710384 2019] [mpm_prefork:notice] [pid 1] AH00163: Apache/2.4.25 (Debian) PHP/7.1.20 configured -- resuming normal operations
[Thu Oct 10 13:28:46.710910 2019] [core:notice] [pid 1] AH00094: Command line: 'apache2 -D FOREGROUND'
[Thu Oct 10 13:29:03.140751 2019] [mpm_prefork:notice] [pid 1] AH00169: caught SIGTERM, shutting down
AH00558: apache2: Could not reliably determine the server's fully qualified domain name, using 172.18.0.5. Set the 'ServerName' directive globally to suppress this message
[Thu Oct 10 13:30:44.535273 2019] [mpm_prefork:notice] [pid 1] AH00163: Apache/2.4.25 (Debian) PHP/7.1.20 configured -- resuming normal operations
[Thu Oct 10 13:30:44.537993 2019] [core:notice] [pid 1] AH00094: Command line: 'apache2 -D FOREGROUND'
[Thu Oct 10 13:32:24.150476 2019] [mpm_prefork:notice] [pid 1] AH00169: caught SIGTERM, shutting down
AH00558: apache2: Could not reliably determine the server's fully qualified domain name, using 172.18.0.5. Set the 'ServerName' directive globally to suppress this message
[Thu Oct 10 13:32:47.346746 2019] [mpm_prefork:notice] [pid 1] AH00163: Apache/2.4.25 (Debian) PHP/7.1.20 configured -- resuming normal operations
[Thu Oct 10 13:32:47.357955 2019] [core:notice] [pid 1] AH00094: Command line: 'apache2 -D FOREGROUND'
AH00558: apache2: Could not reliably determine the server's fully qualified domain name, using 172.18.0.3. Set the 'ServerName' directive globally to suppress this message
[Thu Oct 10 13:41:56.732856 2019] [mpm_prefork:notice] [pid 1] AH00163: Apache/2.4.25 (Debian) PHP/7.1.20 configured -- resuming normal operations
[Thu Oct 10 13:41:56.767386 2019] [core:notice] [pid 1] AH00094: Command line: 'apache2 -D FOREGROUND'
[Thu Oct 10 13:42:43.532250 2019] [mpm_prefork:notice] [pid 1] AH00169: caught SIGTERM, shutting down
AH00558: apache2: Could not reliably determine the server's fully qualified domain name, using 172.18.0.5. Set the 'ServerName' directive globally to suppress this message
[Thu Oct 10 13:43:09.793575 2019] [mpm_prefork:notice] [pid 1] AH00163: Apache/2.4.25 (Debian) PHP/7.1.20 configured -- resuming normal operations
[Thu Oct 10 13:43:09.823484 2019] [core:notice] [pid 1] AH00094: Command line: 'apache2 -D FOREGROUND'
[Thu Oct 10 13:50:24.896540 2019] [mpm_prefork:notice] [pid 1] AH00169: caught SIGTERM, shutting down
AH00558: apache2: Could not reliably determine the server's fully qualified domain name, using 172.18.0.4. Set the 'ServerName' directive globally to suppress this message
[Thu Oct 10 13:51:06.157563 2019] [mpm_prefork:notice] [pid 1] AH00163: Apache/2.4.25 (Debian) PHP/7.1.20 configured -- resuming normal operations
[Thu Oct 10 13:51:06.168898 2019] [core:notice] [pid 1] AH00094: Command line: 'apache2 -D FOREGROUND'
AH00558: apache2: Could not reliably determine the server's fully qualified domain name, using 172.18.0.5. Set the 'ServerName' directive globally to suppress this message
[Thu Oct 10 13:51:39.944001 2019] [mpm_prefork:notice] [pid 1] AH00163: Apache/2.4.25 (Debian) PHP/7.1.20 configured -- resuming normal operations
[Thu Oct 10 13:51:39.944835 2019] [core:notice] [pid 1] AH00094: Command line: 'apache2 -D FOREGROUND'
[Thu Oct 10 14:01:17.416322 2019] [mpm_prefork:notice] [pid 1] AH00169: caught SIGTERM, shutting down
AH00558: apache2: Could not reliably determine the server's fully qualified domain name, using 172.18.0.4. Set the 'ServerName' directive globally to suppress this message
[Thu Oct 10 14:01:28.053245 2019] [mpm_prefork:notice] [pid 1] AH00163: Apache/2.4.25 (Debian) PHP/7.1.20 configured -- resuming normal operations
[Thu Oct 10 14:01:28.054457 2019] [core:notice] [pid 1] AH00094: Command line: 'apache2 -D FOREGROUND'
AH00558: apache2: Could not reliably determine the server's fully qualified domain name, using 172.18.0.5. Set the 'ServerName' directive globally to suppress this message
[Thu Oct 10 17:17:30.456299 2019] [mpm_prefork:notice] [pid 1] AH00163: Apache/2.4.25 (Debian) PHP/7.1.20 configured -- resuming normal operations
[Thu Oct 10 17:17:30.476894 2019] [core:notice] [pid 1] AH00094: Command line: 'apache2 -D FOREGROUND'
[Thu Oct 10 17:28:40.792019 2019] [mpm_prefork:notice] [pid 1] AH00169: caught SIGTERM, shutting down
AH00558: apache2: Could not reliably determine the server's fully qualified domain name, using 172.18.0.5. Set the 'ServerName' directive globally to suppress this message
[Thu Oct 10 17:28:58.131222 2019] [mpm_prefork:notice] [pid 1] AH00163: Apache/2.4.25 (Debian) PHP/7.1.20 configured -- resuming normal operations
[Thu Oct 10 17:28:58.133192 2019] [core:notice] [pid 1] AH00094: Command line: 'apache2 -D FOREGROUND'
[Thu Oct 10 17:33:24.834598 2019] [mpm_prefork:notice] [pid 1] AH00169: caught SIGTERM, shutting down
AH00558: apache2: Could not reliably determine the server's fully qualified domain name, using 172.18.0.5. Set the 'ServerName' directive globally to suppress this message
[Thu Oct 10 17:33:49.114749 2019] [mpm_prefork:notice] [pid 1] AH00163: Apache/2.4.25 (Debian) PHP/7.1.20 configured -- resuming normal operations
[Thu Oct 10 17:33:49.131308 2019] [core:notice] [pid 1] AH00094: Command line: 'apache2 -D FOREGROUND'
[Thu Oct 10 17:34:39.966051 2019] [mpm_prefork:notice] [pid 1] AH00169: caught SIGTERM, shutting down
AH00558: apache2: Could not reliably determine the server's fully qualified domain name, using 172.18.0.5. Set the 'ServerName' directive globally to suppress this message
[Thu Oct 10 17:35:04.342462 2019] [mpm_prefork:notice] [pid 1] AH00163: Apache/2.4.25 (Debian) PHP/7.1.20 configured -- resuming normal operations
[Thu Oct 10 17:35:04.344294 2019] [core:notice] [pid 1] AH00094: Command line: 'apache2 -D FOREGROUND'
[Thu Oct 10 17:36:53.432428 2019] [mpm_prefork:notice] [pid 1] AH00169: caught SIGTERM, shutting down
AH00558: apache2: Could not reliably determine the server's fully qualified domain name, using 172.18.0.5. Set the 'ServerName' directive globally to suppress this message
[Thu Oct 10 17:37:18.673650 2019] [mpm_prefork:notice] [pid 1] AH00163: Apache/2.4.25 (Debian) PHP/7.1.20 configured -- resuming normal operations
[Thu Oct 10 17:37:18.675276 2019] [core:notice] [pid 1] AH00094: Command line: 'apache2 -D FOREGROUND'
[Thu Oct 10 17:41:10.526806 2019] [mpm_prefork:notice] [pid 1] AH00169: caught SIGTERM, shutting down
AH00558: apache2: Could not reliably determine the server's fully qualified domain name, using 172.18.0.5. Set the 'ServerName' directive globally to suppress this message
[Thu Oct 10 17:41:30.486775 2019] [mpm_prefork:notice] [pid 1] AH00163: Apache/2.4.25 (Debian) PHP/7.1.20 configured -- resuming normal operations
[Thu Oct 10 17:41:30.497707 2019] [core:notice] [pid 1] AH00094: Command line: 'apache2 -D FOREGROUND'
[Thu Oct 10 17:42:19.085454 2019] [mpm_prefork:notice] [pid 1] AH00169: caught SIGTERM, shutting down
AH00558: apache2: Could not reliably determine the server's fully qualified domain name, using 172.18.0.5. Set the 'ServerName' directive globally to suppress this message
[Thu Oct 10 17:42:35.304635 2019] [mpm_prefork:notice] [pid 1] AH00163: Apache/2.4.25 (Debian) PHP/7.1.20 configured -- resuming normal operations
[Thu Oct 10 17:42:35.318441 2019] [core:notice] [pid 1] AH00094: Command line: 'apache2 -D FOREGROUND'
AH00558: apache2: Could not reliably determine the server's fully qualified domain name, using 172.18.0.5. Set the 'ServerName' directive globally to suppress this message
[Thu Oct 10 17:56:38.099489 2019] [mpm_prefork:notice] [pid 1] AH00163: Apache/2.4.25 (Debian) PHP/7.1.20 configured -- resuming normal operations
[Thu Oct 10 17:56:38.102565 2019] [core:notice] [pid 1] AH00094: Command line: 'apache2 -D FOREGROUND'
AH00558: apache2: Could not reliably determine the server's fully qualified domain name, using 172.18.0.5. Set the 'ServerName' directive globally to suppress this message
[Thu Oct 10 19:25:36.840946 2019] [mpm_prefork:notice] [pid 1] AH00163: Apache/2.4.25 (Debian) PHP/7.1.20 configured -- resuming normal operations
[Thu Oct 10 19:25:36.857014 2019] [core:notice] [pid 1] AH00094: Command line: 'apache2 -D FOREGROUND'
AH00558: apache2: Could not reliably determine the server's fully qualified domain name, using 172.18.0.5. Set the 'ServerName' directive globally to suppress this message
[Thu Oct 10 22:13:33.188248 2019] [mpm_prefork:notice] [pid 1] AH00163: Apache/2.4.25 (Debian) PHP/7.1.20 configured -- resuming normal operations
[Thu Oct 10 22:13:33.198667 2019] [core:notice] [pid 1] AH00094: Command line: 'apache2 -D FOREGROUND'
AH00558: apache2: Could not reliably determine the server's fully qualified domain name, using 172.18.0.5. Set the 'ServerName' directive globally to suppress this message
[Fri Oct 11 14:08:46.196310 2019] [mpm_prefork:notice] [pid 1] AH00163: Apache/2.4.25 (Debian) PHP/7.1.20 configured -- resuming normal operations
[Fri Oct 11 14:08:46.198492 2019] [core:notice] [pid 1] AH00094: Command line: 'apache2 -D FOREGROUND'
[Fri Oct 11 23:19:03.228538 2019] [mpm_prefork:notice] [pid 1] AH00169: caught SIGTERM, shutting down
AH00558: apache2: Could not reliably determine the server's fully qualified domain name, using 172.18.0.5. Set the 'ServerName' directive globally to suppress this message
[Fri Oct 11 23:19:08.610443 2019] [mpm_prefork:notice] [pid 1] AH00163: Apache/2.4.25 (Debian) PHP/7.1.20 configured -- resuming normal operations
[Fri Oct 11 23:19:08.611469 2019] [core:notice] [pid 1] AH00094: Command line: 'apache2 -D FOREGROUND'
AH00558: apache2: Could not reliably determine the server's fully qualified domain name, using 172.18.0.5. Set the 'ServerName' directive globally to suppress this message
[Sun Oct 13 16:34:01.828858 2019] [mpm_prefork:notice] [pid 1] AH00163: Apache/2.4.25 (Debian) PHP/7.1.20 configured -- resuming normal operations
[Sun Oct 13 16:34:01.837578 2019] [core:notice] [pid 1] AH00094: Command line: 'apache2 -D FOREGROUND'
AH00558: apache2: Could not reliably determine the server's fully qualified domain name, using 172.22.0.3. Set the 'ServerName' directive globally to suppress this message
[Fri Jan 14 11:38:18.074170 2022] [mpm_prefork:notice] [pid 1] AH00163: Apache/2.4.51 (Debian) PHP/8.0.14 configured -- resuming normal operations
[Fri Jan 14 11:38:18.074204 2022] [core:notice] [pid 1] AH00094: Command line: 'apache2 -D FOREGROUND'
[Fri Jan 14 11:38:35.100994 2022] [core:crit] [pid 17] (13)Permission denied: [client 172.22.0.1:45924] AH00529: /var/www/html/.htaccess pcfg_openfile: unable to check htaccess file, ensure it is readable and that '/var/www/html/' is executable
[Fri Jan 14 11:38:35.171629 2022] [core:crit] [pid 17] (13)Permission denied: [client 172.22.0.1:45924] AH00529: /var/www/html/.htaccess pcfg_openfile: unable to check htaccess file, ensure it is readable and that '/var/www/html/' is executable, referer: http://localhost:89/
[Fri Jan 14 11:38:39.915976 2022] [core:crit] [pid 17] (13)Permission denied: [client 172.22.0.1:45924] AH00529: /var/www/html/.htaccess pcfg_openfile: unable to check htaccess file, ensure it is readable and that '/var/www/html/' is executable
[Fri Jan 14 11:38:39.941228 2022] [core:crit] [pid 17] (13)Permission denied: [client 172.22.0.1:45924] AH00529: /var/www/html/.htaccess pcfg_openfile: unable to check htaccess file, ensure it is readable and that '/var/www/html/' is executable, referer: http://localhost:89/
AH00558: apache2: Could not reliably determine the server's fully qualified domain name, using 172.22.0.3. Set the 'ServerName' directive globally to suppress this message
[Sun Jan 16 11:11:22.038962 2022] [mpm_prefork:notice] [pid 1] AH00163: Apache/2.4.51 (Debian) PHP/8.0.14 configured -- resuming normal operations
[Sun Jan 16 11:11:22.038990 2022] [core:notice] [pid 1] AH00094: Command line: 'apache2 -D FOREGROUND'
[Sun Jan 16 11:11:42.599503 2022] [mpm_prefork:notice] [pid 1] AH00170: caught SIGWINCH, shutting down gracefully
AH00558: apache2: Could not reliably determine the server's fully qualified domain name, using 172.22.0.5. Set the 'ServerName' directive globally to suppress this message
[Sun Jan 16 11:11:51.977858 2022] [mpm_prefork:notice] [pid 1] AH00163: Apache/2.4.51 (Debian) PHP/8.0.14 configured -- resuming normal operations
[Sun Jan 16 11:11:51.977892 2022] [core:notice] [pid 1] AH00094: Command line: 'apache2 -D FOREGROUND'
[Sun Jan 16 11:12:23.760810 2022] [mpm_prefork:notice] [pid 1] AH00170: caught SIGWINCH, shutting down gracefully
AH00558: apache2: Could not reliably determine the server's fully qualified domain name, using 172.22.0.5. Set the 'ServerName' directive globally to suppress this message
[Sun Jan 16 11:13:20.292505 2022] [mpm_prefork:notice] [pid 1] AH00163: Apache/2.4.51 (Debian) PHP/8.0.14 configured -- resuming normal operations
[Sun Jan 16 11:13:20.292536 2022] [core:notice] [pid 1] AH00094: Command line: 'apache2 -D FOREGROUND'
[Sun Jan 16 11:14:35.657796 2022] [mpm_prefork:notice] [pid 1] AH00170: caught SIGWINCH, shutting down gracefully
AH00558: apache2: Could not reliably determine the server's fully qualified domain name, using 172.22.0.5. Set the 'ServerName' directive globally to suppress this message
[Sun Jan 16 11:14:38.558213 2022] [mpm_prefork:notice] [pid 1] AH00163: Apache/2.4.51 (Debian) PHP/8.0.14 configured -- resuming normal operations
[Sun Jan 16 11:14:38.558268 2022] [core:notice] [pid 1] AH00094: Command line: 'apache2 -D FOREGROUND'
[Sun Jan 16 11:27:05.877015 2022] [mpm_prefork:notice] [pid 1] AH00170: caught SIGWINCH, shutting down gracefully
AH00558: apache2: Could not reliably determine the server's fully qualified domain name, using 172.22.0.4. Set the 'ServerName' directive globally to suppress this message
[Sun Jan 16 11:27:50.939113 2022] [mpm_prefork:notice] [pid 1] AH00163: Apache/2.4.51 (Debian) PHP/8.0.14 configured -- resuming normal operations
[Sun Jan 16 11:27:50.939156 2022] [core:notice] [pid 1] AH00094: Command line: 'apache2 -D FOREGROUND'
[Sun Jan 16 11:31:42.641688 2022] [mpm_prefork:notice] [pid 1] AH00170: caught SIGWINCH, shutting down gracefully
AH00558: apache2: Could not reliably determine the server's fully qualified domain name, using 172.23.0.4. Set the 'ServerName' directive globally to suppress this message
[Sun Jan 16 11:32:28.246538 2022] [mpm_prefork:notice] [pid 1] AH00163: Apache/2.4.51 (Debian) PHP/8.0.14 configured -- resuming normal operations
[Sun Jan 16 11:32:28.246572 2022] [core:notice] [pid 1] AH00094: Command line: 'apache2 -D FOREGROUND'
[Sun Jan 16 11:45:40.004558 2022] [mpm_prefork:notice] [pid 1] AH00170: caught SIGWINCH, shutting down gracefully
AH00558: apache2: Could not reliably determine the server's fully qualified domain name, using 172.23.0.2. Set the 'ServerName' directive globally to suppress this message
[Sun Jan 16 11:45:41.859721 2022] [mpm_prefork:notice] [pid 1] AH00163: Apache/2.4.51 (Debian) PHP/8.0.14 configured -- resuming normal operations
[Sun Jan 16 11:45:41.859753 2022] [core:notice] [pid 1] AH00094: Command line: 'apache2 -D FOREGROUND'
AH00558: apache2: Could not reliably determine the server's fully qualified domain name, using 172.23.0.5. Set the 'ServerName' directive globally to suppress this message
[Sun Jan 16 18:12:36.963005 2022] [mpm_prefork:notice] [pid 1] AH00163: Apache/2.4.51 (Debian) PHP/8.0.14 configured -- resuming normal operations
[Sun Jan 16 18:12:36.963036 2022] [core:notice] [pid 1] AH00094: Command line: 'apache2 -D FOREGROUND'
